<?xml version="1.0" encoding="UTF-8"?>
<coverage generated="1701523875182" clover="3.2.0">
  <project timestamp="1701523875183" name="All files">
    <metrics statements="28" coveredstatements="23" conditionals="0" coveredconditionals="0" methods="12" coveredmethods="7" elements="40" coveredelements="30" complexity="0" loc="28" ncloc="28" packages="3" files="3" classes="3"/>
    <package name="Client">
      <metrics statements="17" coveredstatements="14" conditionals="0" coveredconditionals="0" methods="8" coveredmethods="5"/>
      <file name="Client.js" path="C:\Users\Laura.Leamari\Desktop\Estudos\imersao-js\on28-ijs-projeto-laura-leamari\src\Client\Client.js">
        <metrics statements="17" coveredstatements="14" conditionals="0" coveredconditionals="0" methods="8" coveredmethods="5"/>
        <line num="6" count="1" type="stmt"/>
        <line num="9" count="2" type="stmt"/>
        <line num="10" count="2" type="stmt"/>
        <line num="11" count="2" type="stmt"/>
        <line num="12" count="2" type="stmt"/>
        <line num="13" count="2" type="stmt"/>
        <line num="14" count="2" type="stmt"/>
        <line num="15" count="2" type="stmt"/>
        <line num="16" count="2" type="stmt"/>
        <line num="28" count="1" type="stmt"/>
        <line num="32" count="1" type="stmt"/>
        <line num="36" count="1" type="stmt"/>
        <line num="40" count="0" type="stmt"/>
        <line num="44" count="0" type="stmt"/>
        <line num="48" count="0" type="stmt"/>
        <line num="52" count="1" type="stmt"/>
        <line num="56" count="1" type="stmt"/>
      </file>
    </package>
    <package name="MeetingPoint">
      <metrics statements="4" coveredstatements="3" conditionals="0" coveredconditionals="0" methods="2" coveredmethods="1"/>
      <file name="MeetingPoint.js" path="C:\Users\Laura.Leamari\Desktop\Estudos\imersao-js\on28-ijs-projeto-laura-leamari\src\MeetingPoint\MeetingPoint.js">
        <metrics statements="4" coveredstatements="3" conditionals="0" coveredconditionals="0" methods="2" coveredmethods="1"/>
        <line num="3" count="2" type="stmt"/>
        <line num="4" count="2" type="stmt"/>
        <line num="8" count="0" type="stmt"/>
        <line num="22" count="1" type="stmt"/>
      </file>
    </package>
    <package name="Toys">
      <metrics statements="7" coveredstatements="6" conditionals="0" coveredconditionals="0" methods="2" coveredmethods="1"/>
      <file name="Toys.js" path="C:\Users\Laura.Leamari\Desktop\Estudos\imersao-js\on28-ijs-projeto-laura-leamari\src\Toys\Toys.js">
        <metrics statements="7" coveredstatements="6" conditionals="0" coveredconditionals="0" methods="2" coveredmethods="1"/>
        <line num="9" count="1" type="stmt"/>
        <line num="10" count="1" type="stmt"/>
        <line num="11" count="1" type="stmt"/>
        <line num="12" count="1" type="stmt"/>
        <line num="13" count="1" type="stmt"/>
        <line num="17" count="0" type="stmt"/>
        <line num="27" count="1" type="stmt"/>
      </file>
    </package>
  </project>
</coverage>
