{"C:\\Users\\Laura.Leamari\\Desktop\\Estudos\\imersao-js\\on28-ijs-projeto-laura-leamari\\src\\AllowedChanges.js": {"path":"C:\\Users\\Laura.Leamari\\Desktop\\Estudos\\imersao-js\\on28-ijs-projeto-laura-leamari\\src\\AllowedChanges.js","statementMap":{"0":{"start":{"line":1,"column":17},"end":{"line":1,"column":36}},"1":{"start":{"line":2,"column":15},"end":{"line":2,"column":32}},"2":{"start":{"line":3,"column":23},"end":{"line":3,"column":48}},"3":{"start":{"line":7,"column":4},"end":{"line":7,"column":29}},"4":{"start":{"line":8,"column":4},"end":{"line":8,"column":29}},"5":{"start":{"line":12,"column":4},"end":{"line":20,"column":6}},"6":{"start":{"line":13,"column":21},"end":{"line":13,"column":66}},"7":{"start":{"line":13,"column":53},"end":{"line":13,"column":65}},"8":{"start":{"line":14,"column":21},"end":{"line":14,"column":66}},"9":{"start":{"line":14,"column":53},"end":{"line":14,"column":65}},"10":{"start":{"line":16,"column":6},"end":{"line":19,"column":7}},"11":{"start":{"line":17,"column":8},"end":{"line":17,"column":36}},"12":{"start":{"line":18,"column":8},"end":{"line":18,"column":36}},"13":{"start":{"line":24,"column":4},"end":{"line":24,"column":86}},"14":{"start":{"line":24,"column":20},"end":{"line":24,"column":85}},"15":{"start":{"line":28,"column":0},"end":{"line":28,"column":33}},"16":{"start":{"line":31,"column":16},"end":{"line":31,"column":88}},"17":{"start":{"line":32,"column":16},"end":{"line":32,"column":89}},"18":{"start":{"line":35,"column":13},"end":{"line":35,"column":59}},"19":{"start":{"line":36,"column":13},"end":{"line":36,"column":60}},"20":{"start":{"line":39,"column":0},"end":{"line":39,"column":22}},"21":{"start":{"line":40,"column":0},"end":{"line":40,"column":22}},"22":{"start":{"line":43,"column":21},"end":{"line":43,"column":45}},"23":{"start":{"line":46,"column":0},"end":{"line":46,"column":39}},"24":{"start":{"line":47,"column":0},"end":{"line":47,"column":39}},"25":{"start":{"line":50,"column":23},"end":{"line":50,"column":57}},"26":{"start":{"line":53,"column":0},"end":{"line":53,"column":58}},"27":{"start":{"line":55,"column":0},"end":{"line":55,"column":32}},"28":{"start":{"line":56,"column":0},"end":{"line":56,"column":42}}},"fnMap":{"0":{"name":"(anonymous_0)","decl":{"start":{"line":6,"column":2},"end":{"line":6,"column":3}},"loc":{"start":{"line":6,"column":34},"end":{"line":9,"column":3}},"line":6},"1":{"name":"(anonymous_1)","decl":{"start":{"line":11,"column":2},"end":{"line":11,"column":3}},"loc":{"start":{"line":11,"column":17},"end":{"line":21,"column":3}},"line":11},"2":{"name":"(anonymous_2)","decl":{"start":{"line":12,"column":11},"end":{"line":12,"column":12}},"loc":{"start":{"line":12,"column":45},"end":{"line":20,"column":5}},"line":12},"3":{"name":"(anonymous_3)","decl":{"start":{"line":13,"column":44},"end":{"line":13,"column":45}},"loc":{"start":{"line":13,"column":53},"end":{"line":13,"column":65}},"line":13},"4":{"name":"(anonymous_4)","decl":{"start":{"line":14,"column":44},"end":{"line":14,"column":45}},"loc":{"start":{"line":14,"column":53},"end":{"line":14,"column":65}},"line":14},"5":{"name":"(anonymous_5)","decl":{"start":{"line":23,"column":2},"end":{"line":23,"column":3}},"loc":{"start":{"line":23,"column":16},"end":{"line":25,"column":3}},"line":23},"6":{"name":"(anonymous_6)","decl":{"start":{"line":24,"column":11},"end":{"line":24,"column":12}},"loc":{"start":{"line":24,"column":20},"end":{"line":24,"column":85}},"line":24}},"branchMap":{"0":{"loc":{"start":{"line":16,"column":6},"end":{"line":19,"column":7}},"type":"if","locations":[{"start":{"line":16,"column":6},"end":{"line":19,"column":7}},{"start":{},"end":{}}],"line":16},"1":{"loc":{"start":{"line":16,"column":10},"end":{"line":16,"column":40}},"type":"binary-expr","locations":[{"start":{"line":16,"column":10},"end":{"line":16,"column":23}},{"start":{"line":16,"column":27},"end":{"line":16,"column":40}}],"line":16},"2":{"loc":{"start":{"line":24,"column":20},"end":{"line":24,"column":85}},"type":"binary-expr","locations":[{"start":{"line":24,"column":20},"end":{"line":24,"column":50}},{"start":{"line":24,"column":54},"end":{"line":24,"column":85}}],"line":24}},"s":{"0":1,"1":1,"2":1,"3":4,"4":4,"5":1,"6":0,"7":0,"8":0,"9":0,"10":0,"11":0,"12":0,"13":0,"14":0,"15":1,"16":1,"17":1,"18":1,"19":1,"20":1,"21":1,"22":1,"23":1,"24":1,"25":1,"26":1,"27":1,"28":1},"f":{"0":4,"1":1,"2":0,"3":0,"4":0,"5":0,"6":0},"b":{"0":[0,0],"1":[0,0],"2":[0,0]},"_coverageSchema":"1a1c01bbd47fc00a2c39e90264f33305004495a9","hash":"69d811a87c605c00114ff44f11cb248f8adcd722"}
,"C:\\Users\\Laura.Leamari\\Desktop\\Estudos\\imersao-js\\on28-ijs-projeto-laura-leamari\\src\\Client.js": {"path":"C:\\Users\\Laura.Leamari\\Desktop\\Estudos\\imersao-js\\on28-ijs-projeto-laura-leamari\\src\\Client.js","statementMap":{"0":{"start":{"line":6,"column":23},"end":{"line":6,"column":25}},"1":{"start":{"line":9,"column":4},"end":{"line":9,"column":17}},"2":{"start":{"line":10,"column":4},"end":{"line":10,"column":21}},"3":{"start":{"line":11,"column":4},"end":{"line":11,"column":20}},"4":{"start":{"line":12,"column":4},"end":{"line":12,"column":31}},"5":{"start":{"line":13,"column":4},"end":{"line":13,"column":24}},"6":{"start":{"line":14,"column":4},"end":{"line":14,"column":20}},"7":{"start":{"line":15,"column":4},"end":{"line":15,"column":19}},"8":{"start":{"line":16,"column":4},"end":{"line":24,"column":7}},"9":{"start":{"line":28,"column":4},"end":{"line":28,"column":21}},"10":{"start":{"line":32,"column":4},"end":{"line":32,"column":23}},"11":{"start":{"line":36,"column":4},"end":{"line":36,"column":21}},"12":{"start":{"line":40,"column":4},"end":{"line":40,"column":23}},"13":{"start":{"line":44,"column":4},"end":{"line":44,"column":27}},"14":{"start":{"line":48,"column":4},"end":{"line":48,"column":23}},"15":{"start":{"line":52,"column":4},"end":{"line":52,"column":30}},"16":{"start":{"line":56,"column":0},"end":{"line":56,"column":27}}},"fnMap":{"0":{"name":"(anonymous_0)","decl":{"start":{"line":8,"column":2},"end":{"line":8,"column":3}},"loc":{"start":{"line":8,"column":52},"end":{"line":25,"column":3}},"line":8},"1":{"name":"(anonymous_1)","decl":{"start":{"line":27,"column":2},"end":{"line":27,"column":3}},"loc":{"start":{"line":27,"column":12},"end":{"line":29,"column":3}},"line":27},"2":{"name":"(anonymous_2)","decl":{"start":{"line":31,"column":2},"end":{"line":31,"column":3}},"loc":{"start":{"line":31,"column":14},"end":{"line":33,"column":3}},"line":31},"3":{"name":"(anonymous_3)","decl":{"start":{"line":35,"column":2},"end":{"line":35,"column":3}},"loc":{"start":{"line":35,"column":12},"end":{"line":37,"column":3}},"line":35},"4":{"name":"(anonymous_4)","decl":{"start":{"line":39,"column":2},"end":{"line":39,"column":3}},"loc":{"start":{"line":39,"column":18},"end":{"line":41,"column":3}},"line":39},"5":{"name":"(anonymous_5)","decl":{"start":{"line":43,"column":2},"end":{"line":43,"column":3}},"loc":{"start":{"line":43,"column":22},"end":{"line":45,"column":3}},"line":43},"6":{"name":"(anonymous_6)","decl":{"start":{"line":47,"column":2},"end":{"line":47,"column":3}},"loc":{"start":{"line":47,"column":18},"end":{"line":49,"column":3}},"line":47},"7":{"name":"(anonymous_7)","decl":{"start":{"line":51,"column":2},"end":{"line":51,"column":3}},"loc":{"start":{"line":51,"column":14},"end":{"line":53,"column":3}},"line":51}},"branchMap":{},"s":{"0":2,"1":4,"2":4,"3":4,"4":4,"5":4,"6":4,"7":4,"8":4,"9":3,"10":3,"11":3,"12":0,"13":0,"14":0,"15":1,"16":2},"f":{"0":4,"1":3,"2":3,"3":3,"4":0,"5":0,"6":0,"7":1},"b":{},"_coverageSchema":"1a1c01bbd47fc00a2c39e90264f33305004495a9","hash":"966b94abe8d9bcbe9c212df5762c5722931c2a5e"}
,"C:\\Users\\Laura.Leamari\\Desktop\\Estudos\\imersao-js\\on28-ijs-projeto-laura-leamari\\src\\MeetingPoint.js": {"path":"C:\\Users\\Laura.Leamari\\Desktop\\Estudos\\imersao-js\\on28-ijs-projeto-laura-leamari\\src\\MeetingPoint.js","statementMap":{"0":{"start":{"line":3,"column":4},"end":{"line":3,"column":29}},"1":{"start":{"line":4,"column":4},"end":{"line":4,"column":30}},"2":{"start":{"line":8,"column":4},"end":{"line":18,"column":7}},"3":{"start":{"line":22,"column":0},"end":{"line":22,"column":31}}},"fnMap":{"0":{"name":"(anonymous_0)","decl":{"start":{"line":2,"column":2},"end":{"line":2,"column":3}},"loc":{"start":{"line":2,"column":24},"end":{"line":5,"column":3}},"line":2},"1":{"name":"(anonymous_1)","decl":{"start":{"line":7,"column":2},"end":{"line":7,"column":3}},"loc":{"start":{"line":7,"column":27},"end":{"line":19,"column":3}},"line":7}},"branchMap":{},"s":{"0":3,"1":3,"2":2,"3":2},"f":{"0":3,"1":2},"b":{},"_coverageSchema":"1a1c01bbd47fc00a2c39e90264f33305004495a9","hash":"38ea84b72f18610725da53703b62acb16e0ee6da"}
,"C:\\Users\\Laura.Leamari\\Desktop\\Estudos\\imersao-js\\on28-ijs-projeto-laura-leamari\\src\\Toys.js": {"path":"C:\\Users\\Laura.Leamari\\Desktop\\Estudos\\imersao-js\\on28-ijs-projeto-laura-leamari\\src\\Toys.js","statementMap":{"0":{"start":{"line":9,"column":4},"end":{"line":9,"column":21}},"1":{"start":{"line":10,"column":4},"end":{"line":10,"column":29}},"2":{"start":{"line":11,"column":4},"end":{"line":11,"column":33}},"3":{"start":{"line":12,"column":4},"end":{"line":12,"column":33}},"4":{"start":{"line":13,"column":4},"end":{"line":13,"column":31}},"5":{"start":{"line":17,"column":4},"end":{"line":23,"column":7}},"6":{"start":{"line":27,"column":0},"end":{"line":27,"column":23}}},"fnMap":{"0":{"name":"(anonymous_0)","decl":{"start":{"line":8,"column":2},"end":{"line":8,"column":3}},"loc":{"start":{"line":8,"column":65},"end":{"line":14,"column":3}},"line":8},"1":{"name":"(anonymous_1)","decl":{"start":{"line":16,"column":2},"end":{"line":16,"column":3}},"loc":{"start":{"line":16,"column":18},"end":{"line":24,"column":3}},"line":16}},"branchMap":{},"s":{"0":3,"1":3,"2":3,"3":3,"4":3,"5":2,"6":2},"f":{"0":3,"1":2},"b":{},"_coverageSchema":"1a1c01bbd47fc00a2c39e90264f33305004495a9","hash":"71766604448d0713dc09aa8004d54b131671968f"}
}
